This is pdfTeX, Version 3.14159265-2.6-1.40.21 (MiKTeX 2.9.7380 64-bit) (preloaded format=pdflatex 2020.4.9)  17 SEP 2020 19:59
entering extended mode
**./CaseStudy.tex
(CaseStudy.tex
LaTeX2e <2019-10-01> patch level 3
("E:\MiKTeX 2.9\tex/latex/base\article.cls"
Document Class: article 2019/10/25 v1.4k Standard LaTeX document class
("E:\MiKTeX 2.9\tex/latex/base\size10.clo"
File: size10.clo 2019/10/25 v1.4k Standard LaTeX file (size option)
)
\c@part=\count80
\c@section=\count81
\c@subsection=\count82
\c@subsubsection=\count83
\c@paragraph=\count84
\c@subparagraph=\count85
\c@figure=\count86
\c@table=\count87
\abovecaptionskip=\skip41
\belowcaptionskip=\skip42
\bibindent=\dimen102
)
("E:\MiKTeX 2.9\tex/latex/geometry\geometry.sty"
Package: geometry 2020/01/02 v5.9 Page Geometry

("E:\MiKTeX 2.9\tex/latex/graphics\keyval.sty"
Package: keyval 2014/10/28 v1.15 key=value parser (DPC)
\KV@toks@=\toks14
)
("E:\MiKTeX 2.9\tex/generic/iftex\ifvtex.sty"
Package: ifvtex 2019/10/25 v1.7 ifvtex legacy package. Use iftex instead.

("E:\MiKTeX 2.9\tex/generic/iftex\iftex.sty"
Package: iftex 2019/11/07 v1.0c TeX engine tests
))
\Gm@cnth=\count88
\Gm@cntv=\count89
\c@Gm@tempcnt=\count90
\Gm@bindingoffset=\dimen103
\Gm@wd@mp=\dimen104
\Gm@odd@mp=\dimen105
\Gm@even@mp=\dimen106
\Gm@layoutwidth=\dimen107
\Gm@layoutheight=\dimen108
\Gm@layouthoffset=\dimen109
\Gm@layoutvoffset=\dimen110
\Gm@dimlist=\toks15

("E:\MiKTeX 2.9\tex/latex/geometry\geometry.cfg"))
("E:\MiKTeX 2.9\tex/latex/base\fixltx2e.sty"
Package: fixltx2e 2016/12/29 v2.1a fixes to LaTeX (obsolete)
Applying: [2015/01/01] Old fixltx2e package on input line 46.


Package fixltx2e Warning: fixltx2e is not required with releases after 2015
(fixltx2e)                All fixes are now in the LaTeX kernel.
(fixltx2e)                See the latexrelease package for details.

Already applied: [0000/00/00] Old fixltx2e package on input line 53.
) ("E:\MiKTeX 2.9\tex/latex/sttools\stfloats.sty"
Package: stfloats 2017/03/27 v3.3 Improve float mechanism and baselineskip sett
ings
\@dblbotnum=\count91
\c@dblbotnumber=\count92
)
("E:\MiKTeX 2.9\tex/latex/subfloat\subfloat.sty"
Package: subfloat 2003/08/21 version 2.14

Package `subfloat', Version 2.14 of 2003/08/21.

Package subfloat Warning: Numbers of floats not counted:
(subfloat)                If you use one of the counters subfloatfiguremax or
(subfloat)                subfloattablemax you will get strange error messages
(subfloat)                containing \c@subfloatfiguremax or
(subfloat)                \c@subfloattablemax:
(subfloat)                Please switch on countmax or remove the code using
(subfloat)                the counter then..

) ("E:\MiKTeX 2.9\tex/latex/subfig\subfig.sty"
Package: subfig 2005/06/28 ver: 1.3 subfig package

("E:\MiKTeX 2.9\tex/latex/caption\caption3.sty"
Package: caption3 2020/01/03 v1.8h caption3 kernel (AR)
Package caption3 Info: TeX engine: e-TeX on input line 61.
\captionmargin=\dimen111
\captionmargin@=\dimen112
\captionwidth=\dimen113
\caption@tempdima=\dimen114
\caption@indent=\dimen115
\caption@parindent=\dimen116
\caption@hangindent=\dimen117
Package caption Info: Standard document class detected.
)
\c@KVtest=\count93
\sf@farskip=\skip43
\sf@captopadj=\dimen118
\sf@capskip=\skip44
\sf@nearskip=\skip45
\c@subfigure=\count94
\c@subfigure@save=\count95
\c@lofdepth=\count96
\c@subtable=\count97
\c@subtable@save=\count98
\c@lotdepth=\count99
\sf@top=\skip46
\sf@bottom=\skip47
)
("E:\MiKTeX 2.9\tex/latex/amsmath\amsmath.sty"
Package: amsmath 2020/01/20 v2.17e AMS math features
\@mathmargin=\skip48

For additional information on amsmath, use the `?' option.
("E:\MiKTeX 2.9\tex/latex/amsmath\amstext.sty"
Package: amstext 2000/06/29 v2.01 AMS text

("E:\MiKTeX 2.9\tex/latex/amsmath\amsgen.sty"
File: amsgen.sty 1999/11/30 v2.0 generic functions
\@emptytoks=\toks16
\ex@=\dimen119
))
("E:\MiKTeX 2.9\tex/latex/amsmath\amsbsy.sty"
Package: amsbsy 1999/11/29 v1.2d Bold Symbols
\pmbraise@=\dimen120
)
("E:\MiKTeX 2.9\tex/latex/amsmath\amsopn.sty"
Package: amsopn 2016/03/08 v2.02 operator names
)
\inf@bad=\count100
LaTeX Info: Redefining \frac on input line 227.
\uproot@=\count101
\leftroot@=\count102
LaTeX Info: Redefining \overline on input line 389.
\classnum@=\count103
\DOTSCASE@=\count104
LaTeX Info: Redefining \ldots on input line 486.
LaTeX Info: Redefining \dots on input line 489.
LaTeX Info: Redefining \cdots on input line 610.
\Mathstrutbox@=\box27
\strutbox@=\box28
\big@size=\dimen121
LaTeX Font Info:    Redeclaring font encoding OML on input line 733.
LaTeX Font Info:    Redeclaring font encoding OMS on input line 734.
\macc@depth=\count105
\c@MaxMatrixCols=\count106
\dotsspace@=\muskip10
\c@parentequation=\count107
\dspbrk@lvl=\count108
\tag@help=\toks17
\row@=\count109
\column@=\count110
\maxfields@=\count111
\andhelp@=\toks18
\eqnshift@=\dimen122
\alignsep@=\dimen123
\tagshift@=\dimen124
\tagwidth@=\dimen125
\totwidth@=\dimen126
\lineht@=\dimen127
\@envbody=\toks19
\multlinegap=\skip49
\multlinetaggap=\skip50
\mathdisplay@stack=\toks20
LaTeX Info: Redefining \[ on input line 2859.
LaTeX Info: Redefining \] on input line 2860.
)
("E:\MiKTeX 2.9\tex/latex/amsfonts\amssymb.sty"
Package: amssymb 2013/01/14 v3.01 AMS font symbols

("E:\MiKTeX 2.9\tex/latex/amsfonts\amsfonts.sty"
Package: amsfonts 2013/01/14 v3.01 Basic AMSFonts support
\symAMSa=\mathgroup4
\symAMSb=\mathgroup5
LaTeX Font Info:    Redeclaring math symbol \hbar on input line 98.
LaTeX Font Info:    Overwriting math alphabet `\mathfrak' in version `bold'
(Font)                  U/euf/m/n --> U/euf/b/n on input line 106.
))
("E:\MiKTeX 2.9\tex/latex/algorithms\algorithm.sty"
Package: algorithm 2009/08/24 v0.1 Document Style `algorithm' - floating enviro
nment

("E:\MiKTeX 2.9\tex/latex/float\float.sty"
Package: float 2001/11/08 v1.3d Float enhancements (AL)
\c@float@type=\count112
\float@exts=\toks21
\float@box=\box29
\@float@everytoks=\toks22
\@floatcapt=\box30
)
("E:\MiKTeX 2.9\tex/latex/base\ifthen.sty"
Package: ifthen 2014/09/29 v1.1c Standard LaTeX ifthen package (DPC)
)
\@float@every@algorithm=\toks23
\c@algorithm=\count113
)
("E:\MiKTeX 2.9\tex/latex/algorithmicx\algorithmicx.sty"
Package: algorithmicx 2005/04/27 v1.2 Algorithmicx

Document Style algorithmicx 1.2 - a greatly improved `algorithmic' style
\c@ALG@line=\count114
\c@ALG@rem=\count115
\c@ALG@nested=\count116
\ALG@tlm=\skip51
\ALG@thistlm=\skip52
\c@ALG@Lnr=\count117
\c@ALG@blocknr=\count118
\c@ALG@storecount=\count119
\c@ALG@tmpcounter=\count120
\ALG@tmplength=\skip53
) ("E:\MiKTeX 2.9\tex/latex/algorithmicx\algpseudocode.sty"
Package: algpseudocode 

Document Style - pseudocode environments for use with the `algorithmicx' style
) ("E:\MiKTeX 2.9\tex/latex/multirow\multirow.sty"
Package: multirow 2019/05/31 v2.5 Span multiple rows of a table
\multirow@colwidth=\skip54
\multirow@cntb=\count121
\multirow@dima=\skip55
\bigstrutjot=\dimen128
)
("E:\MiKTeX 2.9\tex/latex/changepage\changepage.sty"
Package: changepage 2009/10/20 v1.0c check page and change page layout
\c@cp@cntr=\count122
\cp@tempcnt=\count123
)
("E:\MiKTeX 2.9\tex/latex/base\inputenc.sty"
Package: inputenc 2018/08/11 v1.3c Input encoding file
\inpenc@prehook=\toks24
\inpenc@posthook=\toks25

("E:\MiKTeX 2.9\tex/latex/ucs\utf8x.def"
File: utf8x.def 2004/10/17 UCS: Input encoding UTF-8
)) ("E:\MiKTeX 2.9\tex/latex/ucs\ucs.sty"
Package: ucs 2013/05/11 v2.2 UCS: Unicode input support
 ("E:\MiKTeX 2.9\tex/latex/ucs\uni-global.def"
File: uni-global.def 2013/05/13 UCS: Unicode global data
)
\uc@secondtry=\count124
\uc@combtoks=\toks26
\uc@combtoksb=\toks27
\uc@temptokena=\toks28
)
("E:\MiKTeX 2.9\tex/latex/base\textcomp.sty"
Package: textcomp 2018/08/11 v2.0j Standard LaTeX package
Package textcomp Info: Sub-encoding information:
(textcomp)               5 = only ISO-Adobe without \textcurrency
(textcomp)               4 = 5 + \texteuro
(textcomp)               3 = 4 + \textohm
(textcomp)               2 = 3 + \textestimated + \textcurrency
(textcomp)               1 = TS1 - \textcircled - \t
(textcomp)               0 = TS1 (full)
(textcomp)             Font families with sub-encoding setting implement
(textcomp)             only a restricted character set as indicated.
(textcomp)             Family '?' is the default used for unknown fonts.
(textcomp)             See the documentation for details.
Package textcomp Info: Setting ? sub-encoding to TS1/1 on input line 79.

("E:\MiKTeX 2.9\tex/latex/base\ts1enc.def"
File: ts1enc.def 2001/06/05 v3.0e (jk/car/fm) Standard LaTeX file
)
LaTeX Info: Redefining \oldstylenums on input line 334.
Package textcomp Info: Setting cmr sub-encoding to TS1/0 on input line 349.
Package textcomp Info: Setting cmss sub-encoding to TS1/0 on input line 350.
Package textcomp Info: Setting cmtt sub-encoding to TS1/0 on input line 351.
Package textcomp Info: Setting cmvtt sub-encoding to TS1/0 on input line 352.
Package textcomp Info: Setting cmbr sub-encoding to TS1/0 on input line 353.
Package textcomp Info: Setting cmtl sub-encoding to TS1/0 on input line 354.
Package textcomp Info: Setting ccr sub-encoding to TS1/0 on input line 355.
Package textcomp Info: Setting ptm sub-encoding to TS1/4 on input line 356.
Package textcomp Info: Setting pcr sub-encoding to TS1/4 on input line 357.
Package textcomp Info: Setting phv sub-encoding to TS1/4 on input line 358.
Package textcomp Info: Setting ppl sub-encoding to TS1/3 on input line 359.
Package textcomp Info: Setting pag sub-encoding to TS1/4 on input line 360.
Package textcomp Info: Setting pbk sub-encoding to TS1/4 on input line 361.
Package textcomp Info: Setting pnc sub-encoding to TS1/4 on input line 362.
Package textcomp Info: Setting pzc sub-encoding to TS1/4 on input line 363.
Package textcomp Info: Setting bch sub-encoding to TS1/4 on input line 364.
Package textcomp Info: Setting put sub-encoding to TS1/5 on input line 365.
Package textcomp Info: Setting uag sub-encoding to TS1/5 on input line 366.
Package textcomp Info: Setting ugq sub-encoding to TS1/5 on input line 367.
Package textcomp Info: Setting ul8 sub-encoding to TS1/4 on input line 368.
Package textcomp Info: Setting ul9 sub-encoding to TS1/4 on input line 369.
Package textcomp Info: Setting augie sub-encoding to TS1/5 on input line 370.
Package textcomp Info: Setting dayrom sub-encoding to TS1/3 on input line 371.
Package textcomp Info: Setting dayroms sub-encoding to TS1/3 on input line 372.

Package textcomp Info: Setting pxr sub-encoding to TS1/0 on input line 373.
Package textcomp Info: Setting pxss sub-encoding to TS1/0 on input line 374.
Package textcomp Info: Setting pxtt sub-encoding to TS1/0 on input line 375.
Package textcomp Info: Setting txr sub-encoding to TS1/0 on input line 376.
Package textcomp Info: Setting txss sub-encoding to TS1/0 on input line 377.
Package textcomp Info: Setting txtt sub-encoding to TS1/0 on input line 378.
Package textcomp Info: Setting lmr sub-encoding to TS1/0 on input line 379.
Package textcomp Info: Setting lmdh sub-encoding to TS1/0 on input line 380.
Package textcomp Info: Setting lmss sub-encoding to TS1/0 on input line 381.
Package textcomp Info: Setting lmssq sub-encoding to TS1/0 on input line 382.
Package textcomp Info: Setting lmvtt sub-encoding to TS1/0 on input line 383.
Package textcomp Info: Setting lmtt sub-encoding to TS1/0 on input line 384.
Package textcomp Info: Setting qhv sub-encoding to TS1/0 on input line 385.
Package textcomp Info: Setting qag sub-encoding to TS1/0 on input line 386.
Package textcomp Info: Setting qbk sub-encoding to TS1/0 on input line 387.
Package textcomp Info: Setting qcr sub-encoding to TS1/0 on input line 388.
Package textcomp Info: Setting qcs sub-encoding to TS1/0 on input line 389.
Package textcomp Info: Setting qpl sub-encoding to TS1/0 on input line 390.
Package textcomp Info: Setting qtm sub-encoding to TS1/0 on input line 391.
Package textcomp Info: Setting qzc sub-encoding to TS1/0 on input line 392.
Package textcomp Info: Setting qhvc sub-encoding to TS1/0 on input line 393.
Package textcomp Info: Setting futs sub-encoding to TS1/4 on input line 394.
Package textcomp Info: Setting futx sub-encoding to TS1/4 on input line 395.
Package textcomp Info: Setting futj sub-encoding to TS1/4 on input line 396.
Package textcomp Info: Setting hlh sub-encoding to TS1/3 on input line 397.
Package textcomp Info: Setting hls sub-encoding to TS1/3 on input line 398.
Package textcomp Info: Setting hlst sub-encoding to TS1/3 on input line 399.
Package textcomp Info: Setting hlct sub-encoding to TS1/5 on input line 400.
Package textcomp Info: Setting hlx sub-encoding to TS1/5 on input line 401.
Package textcomp Info: Setting hlce sub-encoding to TS1/5 on input line 402.
Package textcomp Info: Setting hlcn sub-encoding to TS1/5 on input line 403.
Package textcomp Info: Setting hlcw sub-encoding to TS1/5 on input line 404.
Package textcomp Info: Setting hlcf sub-encoding to TS1/5 on input line 405.
Package textcomp Info: Setting pplx sub-encoding to TS1/3 on input line 406.
Package textcomp Info: Setting pplj sub-encoding to TS1/3 on input line 407.
Package textcomp Info: Setting ptmx sub-encoding to TS1/4 on input line 408.
Package textcomp Info: Setting ptmj sub-encoding to TS1/4 on input line 409.
)
("E:\MiKTeX 2.9\tex/latex/marvosym\marvosym.sty"
Package: marvosym 2011/07/20 v2.2 Martin Vogel's Symbols font definitions
)
("E:\MiKTeX 2.9\tex/latex/cite\cite.sty"
LaTeX Info: Redefining \cite on input line 302.
LaTeX Info: Redefining \nocite on input line 332.
Package: cite 2015/02/27  v 5.5
)
("E:\MiKTeX 2.9\tex/latex/hyperref\nameref.sty"
Package: nameref 2019/09/16 v2.46 Cross-referencing by name of section

("E:\MiKTeX 2.9\tex/latex/refcount\refcount.sty"
Package: refcount 2019/12/15 v3.6 Data extraction from label references (HO)

("E:\MiKTeX 2.9\tex/generic/ltxcmds\ltxcmds.sty"
Package: ltxcmds 2019/12/15 v1.24 LaTeX kernel commands for general use (HO)
)
("E:\MiKTeX 2.9\tex/generic/infwarerr\infwarerr.sty"
Package: infwarerr 2019/12/03 v1.5 Providing info/warning/error messages (HO)
))
("E:\MiKTeX 2.9\tex/generic/gettitlestring\gettitlestring.sty"
Package: gettitlestring 2019/12/15 v1.6 Cleanup title references (HO)

("E:\MiKTeX 2.9\tex/latex/kvoptions\kvoptions.sty"
Package: kvoptions 2019/11/29 v3.13 Key value format for package options (HO)

("E:\MiKTeX 2.9\tex/generic/kvsetkeys\kvsetkeys.sty"
Package: kvsetkeys 2019/12/15 v1.18 Key value parser (HO)
)))
\c@section@level=\count125
LaTeX Info: Redefining \ref on input line 356.
LaTeX Info: Redefining \pageref on input line 356.
)
("E:\MiKTeX 2.9\tex/latex/hyperref\hyperref.sty"
Package: hyperref 2020/01/14 v7.00d Hypertext links for LaTeX

("E:\MiKTeX 2.9\tex/latex/pdftexcmds\pdftexcmds.sty"
Package: pdftexcmds 2019/11/24 v0.31 Utility functions of pdfTeX for LuaTeX (HO
)
Package pdftexcmds Info: \pdf@primitive is available.
Package pdftexcmds Info: \pdf@ifprimitive is available.
Package pdftexcmds Info: \pdfdraftmode found.
)
("E:\MiKTeX 2.9\tex/generic/kvdefinekeys\kvdefinekeys.sty"
Package: kvdefinekeys 2019-12-19 v1.6 Define keys (HO)
)
("E:\MiKTeX 2.9\tex/generic/pdfescape\pdfescape.sty"
Package: pdfescape 2019/12/09 v1.15 Implements pdfTeX's escape features (HO)
)
("E:\MiKTeX 2.9\tex/latex/hycolor\hycolor.sty"
Package: hycolor 2020-01-27 v1.10 Color options for hyperref/bookmark (HO)
)
("E:\MiKTeX 2.9\tex/latex/letltxmacro\letltxmacro.sty"
Package: letltxmacro 2019/12/03 v1.6 Let assignment for LaTeX macros (HO)
)
("E:\MiKTeX 2.9\tex/latex/auxhook\auxhook.sty"
Package: auxhook 2019-12-17 v1.6 Hooks for auxiliary files (HO)
)
\@linkdim=\dimen129
\Hy@linkcounter=\count126
\Hy@pagecounter=\count127

("E:\MiKTeX 2.9\tex/latex/hyperref\pd1enc.def"
File: pd1enc.def 2020/01/14 v7.00d Hyperref: PDFDocEncoding definition (HO)
)
("E:\MiKTeX 2.9\tex/generic/intcalc\intcalc.sty"
Package: intcalc 2019/12/15 v1.3 Expandable calculations with integers (HO)
)
("E:\MiKTeX 2.9\tex/generic/etexcmds\etexcmds.sty"
Package: etexcmds 2019/12/15 v1.7 Avoid name clashes with e-TeX commands (HO)
)
\Hy@SavedSpaceFactor=\count128
Package hyperref Info: Hyper figures OFF on input line 4547.
Package hyperref Info: Link nesting OFF on input line 4552.
Package hyperref Info: Hyper index ON on input line 4555.
Package hyperref Info: Plain pages OFF on input line 4562.
Package hyperref Info: Backreferencing OFF on input line 4567.
Package hyperref Info: Implicit mode ON; LaTeX internals redefined.
Package hyperref Info: Bookmarks ON on input line 4800.
\c@Hy@tempcnt=\count129

("E:\MiKTeX 2.9\tex/latex/url\url.sty"
\Urlmuskip=\muskip11
Package: url 2013/09/16  ver 3.4  Verb mode for urls, etc.
)
LaTeX Info: Redefining \url on input line 5159.
\XeTeXLinkMargin=\dimen130

("E:\MiKTeX 2.9\tex/generic/bitset\bitset.sty"
Package: bitset 2019/12/09 v1.3 Handle bit-vector datatype (HO)

("E:\MiKTeX 2.9\tex/generic/bigintcalc\bigintcalc.sty"
Package: bigintcalc 2019/12/15 v1.5 Expandable calculations on big integers (HO
)
))
\Fld@menulength=\count130
\Field@Width=\dimen131
\Fld@charsize=\dimen132
Package hyperref Info: Hyper figures OFF on input line 6430.
Package hyperref Info: Link nesting OFF on input line 6435.
Package hyperref Info: Hyper index ON on input line 6438.
Package hyperref Info: backreferencing OFF on input line 6445.
Package hyperref Info: Link coloring OFF on input line 6450.
Package hyperref Info: Link coloring with OCG OFF on input line 6455.
Package hyperref Info: PDF/A mode OFF on input line 6460.
LaTeX Info: Redefining \ref on input line 6500.
LaTeX Info: Redefining \pageref on input line 6504.

("E:\MiKTeX 2.9\tex/generic/atbegshi\atbegshi.sty"
Package: atbegshi 2019/12/05 v1.19 At begin shipout hook (HO)
)
\Hy@abspage=\count131
\c@Item=\count132
\c@Hfootnote=\count133
)
Package hyperref Info: Driver (autodetected): hpdftex.

("E:\MiKTeX 2.9\tex/latex/hyperref\hpdftex.def"
File: hpdftex.def 2020/01/14 v7.00d Hyperref driver for pdfTeX

("E:\MiKTeX 2.9\tex/latex/atveryend\atveryend.sty"
Package: atveryend 2019-12-11 v1.11 Hooks at the very end of document (HO)
Package atveryend Info: \enddocument detected (standard20110627).
)
\Fld@listcount=\count134
\c@bookmark@seq@number=\count135

("E:\MiKTeX 2.9\tex/latex/rerunfilecheck\rerunfilecheck.sty"
Package: rerunfilecheck 2019/12/05 v1.9 Rerun checks for auxiliary files (HO)

("E:\MiKTeX 2.9\tex/generic/uniquecounter\uniquecounter.sty"
Package: uniquecounter 2019/12/15 v1.4 Provide unlimited unique counter (HO)
)
Package uniquecounter Info: New unique counter `rerunfilecheck' on input line 2
86.
)
\Hy@SectionHShift=\skip56
)
("E:\MiKTeX 2.9\tex/latex/lineno\lineno.sty"
Package: lineno 2005/11/02 line numbers on paragraphs v4.41
\linenopenalty=\count136
\output=\toks29
\linenoprevgraf=\count137
\linenumbersep=\dimen133
\linenumberwidth=\dimen134
\c@linenumber=\count138
\c@pagewiselinenumber=\count139
\c@LN@truepage=\count140
\c@internallinenumber=\count141
\c@internallinenumbers=\count142
\quotelinenumbersep=\dimen135
\bframerule=\dimen136
\bframesep=\dimen137
\bframebox=\box31
LaTeX Info: Redefining \\ on input line 3056.
)
("E:\MiKTeX 2.9\tex/latex/microtype\microtype.sty"
Package: microtype 2019/11/18 v2.7d Micro-typographical refinements (RS)
\MT@toks=\toks30
\MT@count=\count143
LaTeX Info: Redefining \textls on input line 790.
\MT@outer@kern=\dimen138
LaTeX Info: Redefining \textmicrotypecontext on input line 1354.
\MT@listname@count=\count144

("E:\MiKTeX 2.9\tex/latex/microtype\microtype-pdftex.def"
File: microtype-pdftex.def 2019/11/18 v2.7d Definitions specific to pdftex (RS)

LaTeX Info: Redefining \lsstyle on input line 914.
LaTeX Info: Redefining \lslig on input line 914.
\MT@outer@space=\skip57
)
Package microtype Info: Loading configuration file microtype.cfg.

("E:\MiKTeX 2.9\tex/latex/microtype\microtype.cfg"
File: microtype.cfg 2019/11/18 v2.7d microtype main configuration file (RS)
))
("E:\MiKTeX 2.9\tex/latex/xcolor\xcolor.sty"
Package: xcolor 2016/05/11 v2.12 LaTeX color extensions (UK)

("E:\MiKTeX 2.9\tex/latex/graphics-cfg\color.cfg"
File: color.cfg 2016/01/02 v1.6 sample color configuration
)
Package xcolor Info: Driver file: pdftex.def on input line 225.

("E:\MiKTeX 2.9\tex/latex/graphics-def\pdftex.def"
File: pdftex.def 2018/01/08 v1.0l Graphics/color driver for pdftex
)
("E:\MiKTeX 2.9\tex/latex/colortbl\colortbl.sty"
Package: colortbl 2020/01/04 v1.0e Color table columns (DPC)

("E:\MiKTeX 2.9\tex/latex/tools\array.sty"
Package: array 2019/08/31 v2.4l Tabular extension package (FMi)
\col@sep=\dimen139
\ar@mcellbox=\box32
\extrarowheight=\dimen140
\NC@list=\toks31
\extratabsurround=\skip58
\backup@length=\skip59
\ar@cellbox=\box33
)
\everycr=\toks32
\minrowclearance=\skip60
)
\rownum=\count145
Package xcolor Info: Model `cmy' substituted by `cmy0' on input line 1348.
Package xcolor Info: Model `hsb' substituted by `rgb' on input line 1352.
Package xcolor Info: Model `RGB' extended on input line 1364.
Package xcolor Info: Model `HTML' substituted by `rgb' on input line 1366.
Package xcolor Info: Model `Hsb' substituted by `hsb' on input line 1367.
Package xcolor Info: Model `tHsb' substituted by `hsb' on input line 1368.
Package xcolor Info: Model `HSB' substituted by `hsb' on input line 1369.
Package xcolor Info: Model `Gray' substituted by `gray' on input line 1370.
Package xcolor Info: Model `wave' substituted by `hsb' on input line 1371.
)
("E:\MiKTeX 2.9\tex/latex/booktabs\booktabs.sty"
Package: booktabs 2020/01/12 v1.61803398 Publication quality tables
\heavyrulewidth=\dimen141
\lightrulewidth=\dimen142
\cmidrulewidth=\dimen143
\belowrulesep=\dimen144
\belowbottomsep=\dimen145
\aboverulesep=\dimen146
\abovetopsep=\dimen147
\cmidrulesep=\dimen148
\cmidrulekern=\dimen149
\defaultaddspace=\dimen150
\@cmidla=\count146
\@cmidlb=\count147
\@aboverulesep=\dimen151
\@belowrulesep=\dimen152
\@thisruleclass=\count148
\@lastruleclass=\count149
\@thisrulewidth=\dimen153
)
\savedwidth=\skip61

("E:\MiKTeX 2.9\tex/latex/caption\caption.sty"
Package: caption 2020/01/03 v3.4h Customizing captions (AR)
\c@caption@flags=\count150
\c@continuedfloat=\count151
Package caption Info: float package is loaded.
Package caption Info: hyperref package is loaded.
)
("E:\MiKTeX 2.9\tex/latex/lastpage\lastpage.sty"
Package: lastpage 2015/03/29 v1.2m Refers to last page's name (HMM; JPG)
)
("E:\MiKTeX 2.9\tex/latex/fancyhdr\fancyhdr.sty"
Package: fancyhdr 2019/01/31 v3.10 Extensive control of page headers and footer
s
\f@nch@headwidth=\skip62
\f@nch@O@elh=\skip63
\f@nch@O@erh=\skip64
\f@nch@O@olh=\skip65
\f@nch@O@orh=\skip66
\f@nch@O@elf=\skip67
\f@nch@O@erf=\skip68
\f@nch@O@olf=\skip69
\f@nch@O@orf=\skip70
)
("E:\MiKTeX 2.9\tex/latex/graphics\graphicx.sty"
Package: graphicx 2017/06/01 v1.1a Enhanced LaTeX Graphics (DPC,SPQR)

("E:\MiKTeX 2.9\tex/latex/graphics\graphics.sty"
Package: graphics 2019/11/01 v1.3d Standard LaTeX Graphics (DPC,SPQR)

("E:\MiKTeX 2.9\tex/latex/graphics\trig.sty"
Package: trig 2016/01/03 v1.10 sin cos tan (DPC)
)
("E:\MiKTeX 2.9\tex/latex/graphics-cfg\graphics.cfg"
File: graphics.cfg 2016/06/04 v1.11 sample graphics configuration
)
Package graphics Info: Driver file: pdftex.def on input line 105.
)
\Gin@req@height=\dimen154
\Gin@req@width=\dimen155
)
("E:\MiKTeX 2.9\tex/latex/epstopdf-pkg\epstopdf.sty"
Package: epstopdf 2020-01-24 v2.11 Conversion with epstopdf on the fly (HO)

("E:\MiKTeX 2.9\tex/latex/grfext\grfext.sty"
Package: grfext 2019/12/03 v1.3 Manage graphics extensions (HO)
)
("E:\MiKTeX 2.9\tex/latex/epstopdf-pkg\epstopdf-base.sty"
Package: epstopdf-base 2020-01-24 v2.11 Base part for package epstopdf
Package epstopdf-base Info: Redefining graphics rule for `.eps' on input line 4
85.
Package grfext Info: Graphics extension search list:
(grfext)             [.pdf,.png,.jpg,.mps,.jpeg,.jbig2,.jb2,.PDF,.PNG,.JPG,.JPE
G,.JBIG2,.JB2,.eps]
(grfext)             \AppendGraphicsExtensions on input line 504.
)) (CaseStudy.aux)
\openout1 = `CaseStudy.aux'.

LaTeX Font Info:    Checking defaults for OML/cmm/m/it on input line 189.
LaTeX Font Info:    ... okay on input line 189.
LaTeX Font Info:    Checking defaults for T1/cmr/m/n on input line 189.
LaTeX Font Info:    ... okay on input line 189.
LaTeX Font Info:    Checking defaults for OT1/cmr/m/n on input line 189.
LaTeX Font Info:    ... okay on input line 189.
LaTeX Font Info:    Checking defaults for OMS/cmsy/m/n on input line 189.
LaTeX Font Info:    ... okay on input line 189.
LaTeX Font Info:    Checking defaults for OMX/cmex/m/n on input line 189.
LaTeX Font Info:    ... okay on input line 189.
LaTeX Font Info:    Checking defaults for U/cmr/m/n on input line 189.
LaTeX Font Info:    ... okay on input line 189.
LaTeX Font Info:    Checking defaults for TS1/cmr/m/n on input line 189.
LaTeX Font Info:    Trying to load font information for TS1+cmr on input line 1
89.

("E:\MiKTeX 2.9\tex/latex/base\ts1cmr.fd"
File: ts1cmr.fd 2014/09/29 v2.5h Standard LaTeX font definitions
)
LaTeX Font Info:    ... okay on input line 189.
LaTeX Font Info:    Checking defaults for PD1/pdf/m/n on input line 189.
LaTeX Font Info:    ... okay on input line 189.

*geometry* driver: auto-detecting
*geometry* detected driver: pdftex
*geometry* verbose mode - [ preamble ] result:
* driver: pdftex
* paper: letterpaper
* layout: <same size as paper>
* layoutoffset:(h,v)=(0.0pt,0.0pt)
* modes: 
* h-part:(L,W,R)=(198.7425pt, 323.40732pt, 92.14519pt)
* v-part:(T,H,B)=(61.42993pt, 638.14268pt, 95.39737pt)
* \paperwidth=614.295pt
* \paperheight=794.96999pt
* \textwidth=379.4175pt
* \textheight=632.36249pt
* \oddsidemargin=126.4725pt
* \evensidemargin=126.4725pt
* \topmargin=-47.84006pt
* \headheight=12.0pt
* \headsep=25.0pt
* \topskip=10.0pt
* \footskip=54.2025pt
* \marginparwidth=65.0pt
* \marginparsep=11.0pt
* \columnsep=10.0pt
* \skip\footins=9.0pt plus 4.0pt minus 2.0pt
* \hoffset=0.0pt
* \voffset=0.0pt
* \mag=1000
* \@twocolumnfalse
* \@twosidefalse
* \@mparswitchfalse
* \@reversemarginfalse
* (1in=72.27pt=25.4mm, 1cm=28.453pt)

Package caption Info: Begin \AtBeginDocument code.
Package caption Info: subfig package v1.3 is loaded.
Package caption Info: End \AtBeginDocument code.
("E:\MiKTeX 2.9\tex/latex/ucs\ucsencs.def"
File: ucsencs.def 2011/01/21 Fixes to fontencodings LGR, T3
)
\AtBeginShipoutBox=\box34
Package hyperref Info: Link coloring OFF on input line 189.
LaTeX Info: Redefining \ref on input line 189.
LaTeX Info: Redefining \pageref on input line 189.
LaTeX Info: Redefining \nameref on input line 189.
 (CaseStudy.out) (CaseStudy.out)
\@outlinefile=\write3
\openout3 = `CaseStudy.out'.

LaTeX Info: Redefining \microtypecontext on input line 189.
Package microtype Info: Generating PDF output.
Package microtype Info: Character protrusion enabled (level 2).
Package microtype Info: Using default protrusion set `alltext'.
Package microtype Info: Automatic font expansion enabled (level 2),
(microtype)             stretch: 20, shrink: 20, step: 1, non-selected.
Package microtype Info: Using default expansion set `basictext'.
LaTeX Info: Redefining \showhyphens on input line 189.
Package microtype Info: No adjustment of tracking.
Package microtype Info: No adjustment of interword spacing.
Package microtype Info: No adjustment of character kerning.

("E:\MiKTeX 2.9\tex/latex/microtype\mt-cmr.cfg"
File: mt-cmr.cfg 2013/05/19 v2.2 microtype config. file: Computer Modern Roman 
(RS)
)
("E:\MiKTeX 2.9\tex/context/base/mkii\supp-pdf.mkii"
[Loading MPS to PDF converter (version 2006.09.02).]
\scratchcounter=\count152
\scratchdimen=\dimen156
\scratchbox=\box35
\nofMPsegments=\count153
\nofMParguments=\count154
\everyMPshowfont=\toks33
\MPscratchCnt=\count155
\MPscratchDim=\dimen157
\MPnumerator=\count156
\makeMPintoPDFobject=\count157
\everyMPtoPDFconversion=\toks34
)
Package lastpage Info: Please have a look at the pageslts package at
(lastpage)             https://www.ctan.org/pkg/pageslts
(lastpage)             ! on input line 189.
<../../Figures/Case_Studies/PaperFigure_Selected_Configurations.pdf, id=3, 874.
69583pt x 670.73872pt>
File: ../../Figures/Case_Studies/PaperFigure_Selected_Configurations.pdf Graphi
c file (type pdf)
<use ../../Figures/Case_Studies/PaperFigure_Selected_Configurations.pdf>
Package pdftex.def Info: ../../Figures/Case_Studies/PaperFigure_Selected_Config
urations.pdf  used on input line 199.
(pdftex.def)             Requested size: 379.4175pt x 290.93999pt.
<../../Figures/Case_Studies/LoadedMono04_LoadedBi16/PaperFigure_BoxPlot.pdf, id
=5, 667.86832pt x 361.65666pt>
File: ../../Figures/Case_Studies/LoadedMono04_LoadedBi16/PaperFigure_BoxPlot.pd
f Graphic file (type pdf)
<use ../../Figures/Case_Studies/LoadedMono04_LoadedBi16/PaperFigure_BoxPlot.pdf
>
Package pdftex.def Info: ../../Figures/Case_Studies/LoadedMono04_LoadedBi16/Pap
erFigure_BoxPlot.pdf  used on input line 209.
(pdftex.def)             Requested size: 379.4175pt x 205.46214pt.
LaTeX Font Info:    Trying to load font information for U+msa on input line 211
.
 ("E:\MiKTeX 2.9\tex/latex/amsfonts\umsa.fd"
File: umsa.fd 2013/01/14 v3.01 AMS symbols A
)
("E:\MiKTeX 2.9\tex/latex/microtype\mt-msa.cfg"
File: mt-msa.cfg 2006/02/04 v1.1 microtype config. file: AMS symbols (a) (RS)
)
LaTeX Font Info:    Trying to load font information for U+msb on input line 211
.

("E:\MiKTeX 2.9\tex/latex/amsfonts\umsb.fd"
File: umsb.fd 2013/01/14 v3.01 AMS symbols B
)
("E:\MiKTeX 2.9\tex/latex/microtype\mt-msb.cfg"
File: mt-msb.cfg 2005/06/01 v1.0 microtype config. file: AMS symbols (b) (RS)
) [1

{C:/Users/T.a/AppData/Local/MiKTeX/2.9/pdftex/config/pdftex.map} <../../Figures
/Case_Studies/PaperFigure_Selected_Configurations.pdf>] [2 <../../Figures/Case_
Studies/LoadedMono04_LoadedBi16/PaperFigure_BoxPlot.pdf>]
<../../Figures/Case_Studies/LoadedMono04_LoadedBi16/PaperFigure_Profiles.pdf, i
d=964, 1299.57713pt x 760.31429pt>
File: ../../Figures/Case_Studies/LoadedMono04_LoadedBi16/PaperFigure_Profiles.p
df Graphic file (type pdf)
<use ../../Figures/Case_Studies/LoadedMono04_LoadedBi16/PaperFigure_Profiles.pd
f>
Package pdftex.def Info: ../../Figures/Case_Studies/LoadedMono04_LoadedBi16/Pap
erFigure_Profiles.pdf  used on input line 218.
(pdftex.def)             Requested size: 379.4175pt x 221.97047pt.
<../../Figures/Case_Studies/LoadedMono04_LoadedBi16/RMSE.pdf, id=965, 869.90933
pt x 376.76308pt>
File: ../../Figures/Case_Studies/LoadedMono04_LoadedBi16/RMSE.pdf Graphic file 
(type pdf)
<use ../../Figures/Case_Studies/LoadedMono04_LoadedBi16/RMSE.pdf>
Package pdftex.def Info: ../../Figures/Case_Studies/LoadedMono04_LoadedBi16/RMS
E.pdf  used on input line 225.
(pdftex.def)             Requested size: 379.4175pt x 164.32753pt.
<../../Figures/Case_Studies/LoadedMono04_LoadedBi16/MonoarticularVSBiarticular_
Loaded_MusclesActivation.pdf, id=966, 740.87257pt x 481.66699pt>
File: ../../Figures/Case_Studies/LoadedMono04_LoadedBi16/MonoarticularVSBiartic
ular_Loaded_MusclesActivation.pdf Graphic file (type pdf)
<use ../../Figures/Case_Studies/LoadedMono04_LoadedBi16/MonoarticularVSBiarticu
lar_Loaded_MusclesActivation.pdf>
Package pdftex.def Info: ../../Figures/Case_Studies/LoadedMono04_LoadedBi16/Mon
oarticularVSBiarticular_Loaded_MusclesActivation.pdf  used on input line 232.
(pdftex.def)             Requested size: 379.4175pt x 246.67586pt.
 [3 <../../Figures/Case_Studies/LoadedMono04_LoadedBi16/PaperFigure_Profiles.pd
f>] [4 <../../Figures/Case_Studies/LoadedMono04_LoadedBi16/RMSE.pdf>]
<../../Figures/Case_Studies/NoloadMono06_NoloadBi12/PaperFigure_BoxPlot.pdf, id
=1090, 660.19904pt x 361.65666pt>
File: ../../Figures/Case_Studies/NoloadMono06_NoloadBi12/PaperFigure_BoxPlot.pd
f Graphic file (type pdf)
<use ../../Figures/Case_Studies/NoloadMono06_NoloadBi12/PaperFigure_BoxPlot.pdf
>
Package pdftex.def Info: ../../Figures/Case_Studies/NoloadMono06_NoloadBi12/Pap
erFigure_BoxPlot.pdf  used on input line 249.
(pdftex.def)             Requested size: 379.4175pt x 207.84612pt.
<../../Figures/Case_Studies/NoloadMono06_NoloadBi12/PaperFigure_Profiles.pdf, i
d=1091, 1306.17906pt x 760.31429pt>
File: ../../Figures/Case_Studies/NoloadMono06_NoloadBi12/PaperFigure_Profiles.p
df Graphic file (type pdf)
<use ../../Figures/Case_Studies/NoloadMono06_NoloadBi12/PaperFigure_Profiles.pd
f>
Package pdftex.def Info: ../../Figures/Case_Studies/NoloadMono06_NoloadBi12/Pap
erFigure_Profiles.pdf  used on input line 256.
(pdftex.def)             Requested size: 379.4175pt x 220.85674pt.
<../../Figures/Case_Studies/NoloadMono06_NoloadBi12/RMSE.pdf, id=1092, 862.2400
5pt x 376.76308pt>
File: ../../Figures/Case_Studies/NoloadMono06_NoloadBi12/RMSE.pdf Graphic file 
(type pdf)
<use ../../Figures/Case_Studies/NoloadMono06_NoloadBi12/RMSE.pdf>
Package pdftex.def Info: ../../Figures/Case_Studies/NoloadMono06_NoloadBi12/RMS
E.pdf  used on input line 263.
(pdftex.def)             Requested size: 379.4175pt x 165.78777pt.
 [5 <../../Figures/Case_Studies/LoadedMono04_LoadedBi16/MonoarticularVSBiarticu
lar_Loaded_MusclesActivation.pdf>] [6 <../../Figures/Case_Studies/NoloadMono06_
NoloadBi12/PaperFigure_BoxPlot.pdf>] [7 <../../Figures/Case_Studies/NoloadMono0
6_NoloadBi12/PaperFigure_Profiles.pdf>]
<../../Figures/Case_Studies/NoloadBi23_LoadedBi12/PaperFigure_BoxPlot.pdf, id=1
258, 656.05728pt x 361.65666pt>
File: ../../Figures/Case_Studies/NoloadBi23_LoadedBi12/PaperFigure_BoxPlot.pdf 
Graphic file (type pdf)
<use ../../Figures/Case_Studies/NoloadBi23_LoadedBi12/PaperFigure_BoxPlot.pdf>
Package pdftex.def Info: ../../Figures/Case_Studies/NoloadBi23_LoadedBi12/Paper
Figure_BoxPlot.pdf  used on input line 279.
(pdftex.def)             Requested size: 379.4175pt x 209.1595pt.
<../../Figures/Case_Studies/NoloadBi23_LoadedBi23/PaperFigure_BoxPlot.pdf, id=1
259, 656.05728pt x 361.65666pt>
File: ../../Figures/Case_Studies/NoloadBi23_LoadedBi23/PaperFigure_BoxPlot.pdf 
Graphic file (type pdf)
<use ../../Figures/Case_Studies/NoloadBi23_LoadedBi23/PaperFigure_BoxPlot.pdf>
Package pdftex.def Info: ../../Figures/Case_Studies/NoloadBi23_LoadedBi23/Paper
Figure_BoxPlot.pdf  used on input line 282.
(pdftex.def)             Requested size: 379.4175pt x 209.1595pt.

Overfull \hbox (3.33333pt too wide) in paragraph at lines 279--284
 [][] 
 []


Overfull \hbox (3.33333pt too wide) in paragraph at lines 279--284
 [][] 
 []

<../../Figures/Case_Studies/NoloadBi23_LoadedBi12/RMSE.pdf, id=1260, 862.24005p
t x 376.76308pt>
File: ../../Figures/Case_Studies/NoloadBi23_LoadedBi12/RMSE.pdf Graphic file (t
ype pdf)
<use ../../Figures/Case_Studies/NoloadBi23_LoadedBi12/RMSE.pdf>
Package pdftex.def Info: ../../Figures/Case_Studies/NoloadBi23_LoadedBi12/RMSE.
pdf  used on input line 290.
(pdftex.def)             Requested size: 379.4175pt x 165.78777pt.
<../../Figures/Case_Studies/NoloadBi23_LoadedBi23/RMSE.pdf, id=1261, 862.24005p
t x 376.76308pt>
File: ../../Figures/Case_Studies/NoloadBi23_LoadedBi23/RMSE.pdf Graphic file (t
ype pdf)
<use ../../Figures/Case_Studies/NoloadBi23_LoadedBi23/RMSE.pdf>
Package pdftex.def Info: ../../Figures/Case_Studies/NoloadBi23_LoadedBi23/RMSE.
pdf  used on input line 293.
(pdftex.def)             Requested size: 379.4175pt x 165.78777pt.

Overfull \hbox (3.33333pt too wide) in paragraph at lines 290--295
 [][] 
 []


Overfull \hbox (3.33333pt too wide) in paragraph at lines 290--295
 [][] 
 []

[8 <../../Figures/Case_Studies/NoloadMono06_NoloadBi12/RMSE.pdf>] [9 <../../Fig
ures/Case_Studies/NoloadBi23_LoadedBi12/PaperFigure_BoxPlot.pdf> <../../Figures
/Case_Studies/NoloadBi23_LoadedBi23/PaperFigure_BoxPlot.pdf

pdfTeX warning: pdflatex.exe (file ../../Figures/Case_Studies/NoloadBi23_Loaded
Bi23/PaperFigure_BoxPlot.pdf): PDF inclusion: multiple pdfs with page group inc
luded in a single page
>]
<../../Figures/Case_Studies/NoloadBi23_LoadedBi12/PaperFigure_Profiles.pdf, id=
1427, 1299.57713pt x 760.31429pt>
File: ../../Figures/Case_Studies/NoloadBi23_LoadedBi12/PaperFigure_Profiles.pdf
 Graphic file (type pdf)
<use ../../Figures/Case_Studies/NoloadBi23_LoadedBi12/PaperFigure_Profiles.pdf>

Package pdftex.def Info: ../../Figures/Case_Studies/NoloadBi23_LoadedBi12/Paper
Figure_Profiles.pdf  used on input line 305.
(pdftex.def)             Requested size: 379.4175pt x 221.97047pt.
<../../Figures/Case_Studies/NoloadBi23_LoadedBi23/PaperFigure_Profiles.pdf, id=
1428, 1299.57713pt x 760.31429pt>
File: ../../Figures/Case_Studies/NoloadBi23_LoadedBi23/PaperFigure_Profiles.pdf
 Graphic file (type pdf)
<use ../../Figures/Case_Studies/NoloadBi23_LoadedBi23/PaperFigure_Profiles.pdf>

Package pdftex.def Info: ../../Figures/Case_Studies/NoloadBi23_LoadedBi23/Paper
Figure_Profiles.pdf  used on input line 308.
(pdftex.def)             Requested size: 379.4175pt x 221.97047pt.

Overfull \hbox (3.33333pt too wide) in paragraph at lines 305--310
 [][] 
 []


Overfull \hbox (3.33333pt too wide) in paragraph at lines 305--310
 [][] 
 []

[10 <../../Figures/Case_Studies/NoloadBi23_LoadedBi12/RMSE.pdf> <../../Figures/
Case_Studies/NoloadBi23_LoadedBi23/RMSE.pdf

pdfTeX warning: pdflatex.exe (file ../../Figures/Case_Studies/NoloadBi23_Loaded
Bi23/RMSE.pdf): PDF inclusion: multiple pdfs with page group included in a sing
le page
>]
<../../Figures/Case_Studies/NoloadMono25_LoadedMono05/PaperFigure_BoxPlot.pdf, 
id=1540, 656.37224pt x 361.65666pt>
File: ../../Figures/Case_Studies/NoloadMono25_LoadedMono05/PaperFigure_BoxPlot.
pdf Graphic file (type pdf)
<use ../../Figures/Case_Studies/NoloadMono25_LoadedMono05/PaperFigure_BoxPlot.p
df>
Package pdftex.def Info: ../../Figures/Case_Studies/NoloadMono25_LoadedMono05/P
aperFigure_BoxPlot.pdf  used on input line 319.
(pdftex.def)             Requested size: 379.4175pt x 209.06017pt.
<../../Figures/Case_Studies/NoloadMono25_LoadedMono25/PaperFigure_BoxPlot.pdf, 
id=1541, 656.37224pt x 361.65666pt>
File: ../../Figures/Case_Studies/NoloadMono25_LoadedMono25/PaperFigure_BoxPlot.
pdf Graphic file (type pdf)
<use ../../Figures/Case_Studies/NoloadMono25_LoadedMono25/PaperFigure_BoxPlot.p
df>
Package pdftex.def Info: ../../Figures/Case_Studies/NoloadMono25_LoadedMono25/P
aperFigure_BoxPlot.pdf  used on input line 322.
(pdftex.def)             Requested size: 379.4175pt x 209.06017pt.

Overfull \hbox (3.33333pt too wide) in paragraph at lines 319--324
 [][] 
 []


Overfull \hbox (3.33333pt too wide) in paragraph at lines 319--324
 [][] 
 []

[11 <../../Figures/Case_Studies/NoloadBi23_LoadedBi12/PaperFigure_Profiles.pdf>
 <../../Figures/Case_Studies/NoloadBi23_LoadedBi23/PaperFigure_Profiles.pdf

pdfTeX warning: pdflatex.exe (file ../../Figures/Case_Studies/NoloadBi23_Loaded
Bi23/PaperFigure_Profiles.pdf): PDF inclusion: multiple pdfs with page group in
cluded in a single page
>]
<../../Figures/Case_Studies/NoloadMono25_LoadedMono05/RMSE.pdf, id=1645, 862.24
005pt x 376.76308pt>
File: ../../Figures/Case_Studies/NoloadMono25_LoadedMono05/RMSE.pdf Graphic fil
e (type pdf)
<use ../../Figures/Case_Studies/NoloadMono25_LoadedMono05/RMSE.pdf>
Package pdftex.def Info: ../../Figures/Case_Studies/NoloadMono25_LoadedMono05/R
MSE.pdf  used on input line 330.
(pdftex.def)             Requested size: 379.4175pt x 165.78777pt.
<../../Figures/Case_Studies/NoloadMono25_LoadedMono25/RMSE.pdf, id=1646, 862.24
005pt x 376.76308pt>
File: ../../Figures/Case_Studies/NoloadMono25_LoadedMono25/RMSE.pdf Graphic fil
e (type pdf)
<use ../../Figures/Case_Studies/NoloadMono25_LoadedMono25/RMSE.pdf>
Package pdftex.def Info: ../../Figures/Case_Studies/NoloadMono25_LoadedMono25/R
MSE.pdf  used on input line 333.
(pdftex.def)             Requested size: 379.4175pt x 165.78777pt.

Overfull \hbox (3.33333pt too wide) in paragraph at lines 330--335
 [][] 
 []


Overfull \hbox (3.33333pt too wide) in paragraph at lines 330--335
 [][] 
 []

[12 <../../Figures/Case_Studies/NoloadMono25_LoadedMono05/PaperFigure_BoxPlot.p
df> <../../Figures/Case_Studies/NoloadMono25_LoadedMono25/PaperFigure_BoxPlot.p
df

pdfTeX warning: pdflatex.exe (file ../../Figures/Case_Studies/NoloadMono25_Load
edMono25/PaperFigure_BoxPlot.pdf): PDF inclusion: multiple pdfs with page group
 included in a single page
>] [13 <../../Figures/Case_Studies/NoloadMono25_LoadedMono05/RMSE.pdf> <../../F
igures/Case_Studies/NoloadMono25_LoadedMono25/RMSE.pdf

pdfTeX warning: pdflatex.exe (file ../../Figures/Case_Studies/NoloadMono25_Load
edMono25/RMSE.pdf): PDF inclusion: multiple pdfs with page group included in a 
single page
>]
<../../Figures/Case_Studies/NoloadMono25_LoadedMono05/PaperFigure_Profiles.pdf,
 id=1861, 1299.57713pt x 760.31429pt>
File: ../../Figures/Case_Studies/NoloadMono25_LoadedMono05/PaperFigure_Profiles
.pdf Graphic file (type pdf)
<use ../../Figures/Case_Studies/NoloadMono25_LoadedMono05/PaperFigure_Profiles.
pdf>
Package pdftex.def Info: ../../Figures/Case_Studies/NoloadMono25_LoadedMono05/P
aperFigure_Profiles.pdf  used on input line 343.
(pdftex.def)             Requested size: 379.4175pt x 221.97047pt.
<../../Figures/Case_Studies/NoloadMono25_LoadedMono25/PaperFigure_Profiles.pdf,
 id=1862, 1299.57713pt x 777.35193pt>
File: ../../Figures/Case_Studies/NoloadMono25_LoadedMono25/PaperFigure_Profiles
.pdf Graphic file (type pdf)
<use ../../Figures/Case_Studies/NoloadMono25_LoadedMono25/PaperFigure_Profiles.
pdf>
Package pdftex.def Info: ../../Figures/Case_Studies/NoloadMono25_LoadedMono25/P
aperFigure_Profiles.pdf  used on input line 346.
(pdftex.def)             Requested size: 379.4175pt x 226.94453pt.

Overfull \hbox (3.33333pt too wide) in paragraph at lines 343--348
 [][] 
 []


Overfull \hbox (3.33333pt too wide) in paragraph at lines 343--348
 [][] 
 []

[14 <../../Figures/Case_Studies/NoloadMono25_LoadedMono05/PaperFigure_Profiles.
pdf> <../../Figures/Case_Studies/NoloadMono25_LoadedMono25/PaperFigure_Profiles
.pdf

pdfTeX warning: pdflatex.exe (file ../../Figures/Case_Studies/NoloadMono25_Load
edMono25/PaperFigure_Profiles.pdf): PDF inclusion: multiple pdfs with page grou
p included in a single page
>] 
AED: lastpage setting LastPage
[15]
Package atveryend Info: Empty hook `BeforeClearDocument' on input line 356.
Package atveryend Info: Empty hook `AfterLastShipout' on input line 356.
 (CaseStudy.aux)
Package atveryend Info: Executing hook `AtVeryEndDocument' on input line 356.
Package atveryend Info: Executing hook `AtEndAfterFileList' on input line 356.
Package rerunfilecheck Info: File `CaseStudy.out' has not changed.
(rerunfilecheck)             Checksum: D41D8CD98F00B204E9800998ECF8427E;0.
Package atveryend Info: Empty hook `AtVeryVeryEnd' on input line 356.
 ) 
Here is how much of TeX's memory you used:
 12507 strings out of 492478
 193090 string characters out of 3137227
 332997 words of memory out of 3000000
 16461 multiletter control sequences out of 15000+200000
 13871 words of font info for 83 fonts, out of 3000000 for 9000
 1141 hyphenation exceptions out of 8191
 41i,11n,49p,1579b,447s stack positions out of 5000i,500n,10000p,200000b,50000s
<E:/MiKTeX 2.9/fonts/type1/public/amsfonts/cm/cmbx10.pfb><E:/MiKTeX 2.9/fonts
/type1/public/amsfonts/cm/cmbx12.pfb><E:/MiKTeX 2.9/fonts/type1/public/amsfonts
/cm/cmbx8.pfb><E:/MiKTeX 2.9/fonts/type1/public/amsfonts/cm/cmbx9.pfb><E:/MiKTe
X 2.9/fonts/type1/public/amsfonts/cm/cmbxti10.pfb><E:/MiKTeX 2.9/fonts/type1/pu
blic/amsfonts/cm/cmmi9.pfb><E:/MiKTeX 2.9/fonts/type1/public/amsfonts/cm/cmr10.
pfb><E:/MiKTeX 2.9/fonts/type1/public/amsfonts/cm/cmr12.pfb><E:/MiKTeX 2.9/font
s/type1/public/amsfonts/cm/cmr9.pfb><E:/MiKTeX 2.9/fonts/type1/public/amsfonts/
cm/cmsy10.pfb><E:/MiKTeX 2.9/fonts/type1/public/amsfonts/cm/cmti10.pfb><E:/MiKT
eX 2.9/fonts/type1/public/amsfonts/cm/cmti9.pfb>
Output written on CaseStudy.pdf (15 pages, 3381850 bytes).
PDF statistics:
 2024 PDF objects out of 2073 (max. 8388607)
 46 named destinations out of 1000 (max. 500000)
 14949 words of extra memory for PDF output out of 17280 (max. 10000000)

